This file contains any messages produced by compilers while
running configure, to aid debugging if configure makes a mistake.

It was created by testadd configure 1.0, which was
generated by GNU Autoconf 2.69.  Invocation command line was

  $ ./configure 

## --------- ##
## Platform. ##
## --------- ##

hostname = govpp
uname -m = x86_64
uname -r = 5.4.0-51-generic
uname -s = Linux
uname -v = #56~18.04.1-Ubuntu SMP Tue Oct 6 09:47:18 UTC 2020

/usr/bin/uname -p = unknown
/bin/uname -X     = unknown

/bin/arch              = unknown
/usr/bin/arch -k       = unknown
/usr/convex/getsysinfo = unknown
/usr/bin/hostinfo      = unknown
/bin/machine           = unknown
/usr/bin/oslevel       = unknown
/bin/universe          = unknown

PATH: /usr/local/sbin
PATH: /usr/local/bin
PATH: /usr/sbin
PATH: /usr/bin
PATH: /sbin
PATH: /bin
PATH: /usr/games
PATH: /usr/local/games
PATH: /snap/bin
PATH: /usr/local/go/bin


## ----------- ##
## Core tests. ##
## ----------- ##

configure:2314: checking for a BSD-compatible install
configure:2382: result: /usr/bin/install -c
configure:2393: checking whether build environment is sane
configure:2448: result: yes
configure:2599: checking for a thread-safe mkdir -p
configure:2638: result: /bin/mkdir -p
configure:2645: checking for gawk
configure:2675: result: no
configure:2645: checking for mawk
configure:2661: found /usr/bin/mawk
configure:2672: result: mawk
configure:2683: checking whether make sets $(MAKE)
configure:2705: result: yes
configure:2734: checking whether make supports nested variables
configure:2751: result: yes
configure:2908: checking build system type
configure:2922: result: x86_64-pc-linux-gnu
configure:2942: checking host system type
configure:2955: result: x86_64-pc-linux-gnu
configure:2996: checking how to print strings
configure:3023: result: printf
configure:3056: checking for style of include used by make
configure:3084: result: GNU
configure:3155: checking for gcc
configure:3171: found /usr/bin/gcc
configure:3182: result: gcc
configure:3411: checking for C compiler version
configure:3420: gcc --version >&5
gcc (Ubuntu 7.5.0-3ubuntu1~18.04) 7.5.0
Copyright (C) 2017 Free Software Foundation, Inc.
This is free software; see the source for copying conditions.  There is NO
warranty; not even for MERCHANTABILITY or FITNESS FOR A PARTICULAR PURPOSE.

configure:3431: $? = 0
configure:3420: gcc -v >&5
Using built-in specs.
COLLECT_GCC=gcc
COLLECT_LTO_WRAPPER=/usr/lib/gcc/x86_64-linux-gnu/7/lto-wrapper
OFFLOAD_TARGET_NAMES=nvptx-none
OFFLOAD_TARGET_DEFAULT=1
Target: x86_64-linux-gnu
Configured with: ../src/configure -v --with-pkgversion='Ubuntu 7.5.0-3ubuntu1~18.04' --with-bugurl=file:///usr/share/doc/gcc-7/README.Bugs --enable-languages=c,ada,c++,go,brig,d,fortran,objc,obj-c++ --prefix=/usr --with-gcc-major-version-only --program-suffix=-7 --program-prefix=x86_64-linux-gnu- --enable-shared --enable-linker-build-id --libexecdir=/usr/lib --without-included-gettext --enable-threads=posix --libdir=/usr/lib --enable-nls --enable-bootstrap --enable-clocale=gnu --enable-libstdcxx-debug --enable-libstdcxx-time=yes --with-default-libstdcxx-abi=new --enable-gnu-unique-object --disable-vtable-verify --enable-libmpx --enable-plugin --enable-default-pie --with-system-zlib --with-target-system-zlib --enable-objc-gc=auto --enable-multiarch --disable-werror --with-arch-32=i686 --with-abi=m64 --with-multilib-list=m32,m64,mx32 --enable-multilib --with-tune=generic --enable-offload-targets=nvptx-none --without-cuda-driver --enable-checking=release --build=x86_64-linux-gnu --host=x86_64-linux-gnu --target=x86_64-linux-gnu
Thread model: posix
gcc version 7.5.0 (Ubuntu 7.5.0-3ubuntu1~18.04) 
configure:3431: $? = 0
configure:3420: gcc -V >&5
gcc: error: unrecognized command line option '-V'
gcc: fatal error: no input files
compilation terminated.
configure:3431: $? = 1
configure:3420: gcc -qversion >&5
gcc: error: unrecognized command line option '-qversion'; did you mean '--version'?
gcc: fatal error: no input files
compilation terminated.
configure:3431: $? = 1
configure:3451: checking whether the C compiler works
configure:3473: gcc    conftest.c  >&5
configure:3477: $? = 0
configure:3525: result: yes
configure:3528: checking for C compiler default output file name
configure:3530: result: a.out
configure:3536: checking for suffix of executables
configure:3543: gcc -o conftest    conftest.c  >&5
configure:3547: $? = 0
configure:3569: result: 
configure:3591: checking whether we are cross compiling
configure:3599: gcc -o conftest    conftest.c  >&5
configure:3603: $? = 0
configure:3610: ./conftest
configure:3614: $? = 0
configure:3629: result: no
configure:3634: checking for suffix of object files
configure:3656: gcc -c   conftest.c >&5
configure:3660: $? = 0
configure:3681: result: o
configure:3685: checking whether we are using the GNU C compiler
configure:3704: gcc -c   conftest.c >&5
configure:3704: $? = 0
configure:3713: result: yes
configure:3722: checking whether gcc accepts -g
configure:3742: gcc -c -g  conftest.c >&5
configure:3742: $? = 0
configure:3783: result: yes
configure:3800: checking for gcc option to accept ISO C89
configure:3863: gcc  -c -g -O2  conftest.c >&5
configure:3863: $? = 0
configure:3876: result: none needed
configure:3901: checking whether gcc understands -c and -o together
configure:3923: gcc -c conftest.c -o conftest2.o
configure:3926: $? = 0
configure:3923: gcc -c conftest.c -o conftest2.o
configure:3926: $? = 0
configure:3938: result: yes
configure:3957: checking dependency style of gcc
configure:4068: result: gcc3
configure:4083: checking for a sed that does not truncate output
configure:4147: result: /bin/sed
configure:4165: checking for grep that handles long lines and -e
configure:4223: result: /bin/grep
configure:4228: checking for egrep
configure:4290: result: /bin/grep -E
configure:4295: checking for fgrep
configure:4357: result: /bin/grep -F
configure:4392: checking for ld used by gcc
configure:4459: result: /usr/bin/ld
configure:4466: checking if the linker (/usr/bin/ld) is GNU ld
configure:4481: result: yes
configure:4493: checking for BSD- or MS-compatible name lister (nm)
configure:4547: result: /usr/bin/nm -B
configure:4677: checking the name lister (/usr/bin/nm -B) interface
configure:4684: gcc -c -g -O2  conftest.c >&5
configure:4687: /usr/bin/nm -B "conftest.o"
configure:4690: output
0000000000000000 B some_variable
configure:4697: result: BSD nm
configure:4700: checking whether ln -s works
configure:4704: result: yes
configure:4712: checking the maximum length of command line arguments
configure:4843: result: 1572864
configure:4891: checking how to convert x86_64-pc-linux-gnu file names to x86_64-pc-linux-gnu format
configure:4931: result: func_convert_file_noop
configure:4938: checking how to convert x86_64-pc-linux-gnu file names to toolchain format
configure:4958: result: func_convert_file_noop
configure:4965: checking for /usr/bin/ld option to reload object files
configure:4972: result: -r
configure:5046: checking for objdump
configure:5062: found /usr/bin/objdump
configure:5073: result: objdump
configure:5105: checking how to recognize dependent libraries
configure:5305: result: pass_all
configure:5390: checking for dlltool
configure:5420: result: no
configure:5450: checking how to associate runtime and link libraries
configure:5477: result: printf %s\n
configure:5538: checking for ar
configure:5554: found /usr/bin/ar
configure:5565: result: ar
configure:5602: checking for archiver @FILE support
configure:5619: gcc -c -g -O2  conftest.c >&5
configure:5619: $? = 0
configure:5622: ar cru libconftest.a @conftest.lst >&5
ar: `u' modifier ignored since `D' is the default (see `U')
configure:5625: $? = 0
configure:5630: ar cru libconftest.a @conftest.lst >&5
ar: `u' modifier ignored since `D' is the default (see `U')
ar: conftest.o: No such file or directory
configure:5633: $? = 1
configure:5645: result: @
configure:5703: checking for strip
configure:5719: found /usr/bin/strip
configure:5730: result: strip
configure:5802: checking for ranlib
configure:5818: found /usr/bin/ranlib
configure:5829: result: ranlib
configure:5931: checking command to parse /usr/bin/nm -B output from gcc object
configure:6084: gcc -c -g -O2  conftest.c >&5
configure:6087: $? = 0
configure:6091: /usr/bin/nm -B conftest.o \| sed -n -e 's/^.*[ ]\([ABCDGIRSTW][ABCDGIRSTW]*\)[ ][ ]*\([_A-Za-z][_A-Za-z0-9]*\)$/\1 \2 \2/p' | sed '/ __gnu_lto/d' \> conftest.nm
configure:6094: $? = 0
configure:6160: gcc -o conftest -g -O2   conftest.c conftstm.o >&5
configure:6163: $? = 0
configure:6201: result: ok
configure:6248: checking for sysroot
configure:6278: result: no
configure:6285: checking for a working dd
configure:6323: result: /bin/dd
configure:6327: checking how to truncate binary pipes
configure:6342: result: /bin/dd bs=4096 count=1
configure:6478: gcc -c -g -O2  conftest.c >&5
configure:6481: $? = 0
configure:6671: checking for mt
configure:6687: found /bin/mt
configure:6698: result: mt
configure:6721: checking if mt is a manifest tool
configure:6727: mt '-?'
configure:6735: result: no
configure:7412: checking how to run the C preprocessor
configure:7443: gcc -E  conftest.c
configure:7443: $? = 0
configure:7457: gcc -E  conftest.c
conftest.c:11:10: fatal error: ac_nonexistent.h: No such file or directory
 #include <ac_nonexistent.h>
          ^~~~~~~~~~~~~~~~~~
compilation terminated.
configure:7457: $? = 1
configure: failed program was:
| /* confdefs.h */
| #define PACKAGE_NAME "testadd"
| #define PACKAGE_TARNAME "testadd"
| #define PACKAGE_VERSION "1.0"
| #define PACKAGE_STRING "testadd 1.0"
| #define PACKAGE_BUGREPORT "jianzhang"
| #define PACKAGE_URL ""
| #define PACKAGE "testadd"
| #define VERSION "1.0"
| /* end confdefs.h.  */
| #include <ac_nonexistent.h>
configure:7482: result: gcc -E
configure:7502: gcc -E  conftest.c
configure:7502: $? = 0
configure:7516: gcc -E  conftest.c
conftest.c:11:10: fatal error: ac_nonexistent.h: No such file or directory
 #include <ac_nonexistent.h>
          ^~~~~~~~~~~~~~~~~~
compilation terminated.
configure:7516: $? = 1
configure: failed program was:
| /* confdefs.h */
| #define PACKAGE_NAME "testadd"
| #define PACKAGE_TARNAME "testadd"
| #define PACKAGE_VERSION "1.0"
| #define PACKAGE_STRING "testadd 1.0"
| #define PACKAGE_BUGREPORT "jianzhang"
| #define PACKAGE_URL ""
| #define PACKAGE "testadd"
| #define VERSION "1.0"
| /* end confdefs.h.  */
| #include <ac_nonexistent.h>
configure:7545: checking for ANSI C header files
configure:7565: gcc -c -g -O2  conftest.c >&5
configure:7565: $? = 0
configure:7638: gcc -o conftest -g -O2   conftest.c  >&5
configure:7638: $? = 0
configure:7638: ./conftest
configure:7638: $? = 0
configure:7649: result: yes
configure:7662: checking for sys/types.h
configure:7662: gcc -c -g -O2  conftest.c >&5
configure:7662: $? = 0
configure:7662: result: yes
configure:7662: checking for sys/stat.h
configure:7662: gcc -c -g -O2  conftest.c >&5
configure:7662: $? = 0
configure:7662: result: yes
configure:7662: checking for stdlib.h
configure:7662: gcc -c -g -O2  conftest.c >&5
configure:7662: $? = 0
configure:7662: result: yes
configure:7662: checking for string.h
configure:7662: gcc -c -g -O2  conftest.c >&5
configure:7662: $? = 0
configure:7662: result: yes
configure:7662: checking for memory.h
configure:7662: gcc -c -g -O2  conftest.c >&5
configure:7662: $? = 0
configure:7662: result: yes
configure:7662: checking for strings.h
configure:7662: gcc -c -g -O2  conftest.c >&5
configure:7662: $? = 0
configure:7662: result: yes
configure:7662: checking for inttypes.h
configure:7662: gcc -c -g -O2  conftest.c >&5
configure:7662: $? = 0
configure:7662: result: yes
configure:7662: checking for stdint.h
configure:7662: gcc -c -g -O2  conftest.c >&5
configure:7662: $? = 0
configure:7662: result: yes
configure:7662: checking for unistd.h
configure:7662: gcc -c -g -O2  conftest.c >&5
configure:7662: $? = 0
configure:7662: result: yes
configure:7676: checking for dlfcn.h
configure:7676: gcc -c -g -O2  conftest.c >&5
configure:7676: $? = 0
configure:7676: result: yes
configure:7932: checking for objdir
configure:7947: result: .libs
configure:8207: checking if gcc supports -fno-rtti -fno-exceptions
configure:8225: gcc -c -g -O2  -fno-rtti -fno-exceptions conftest.c >&5
cc1: warning: command line option '-fno-rtti' is valid for C++/ObjC++ but not for C
configure:8229: $? = 0
configure:8242: result: no
configure:8600: checking for gcc option to produce PIC
configure:8607: result: -fPIC -DPIC
configure:8615: checking if gcc PIC flag -fPIC -DPIC works
configure:8633: gcc -c -g -O2  -fPIC -DPIC -DPIC conftest.c >&5
configure:8637: $? = 0
configure:8650: result: yes
configure:8679: checking if gcc static flag -static works
configure:8707: result: yes
configure:8722: checking if gcc supports -c -o file.o
configure:8743: gcc -c -g -O2  -o out/conftest2.o conftest.c >&5
configure:8747: $? = 0
configure:8769: result: yes
configure:8777: checking if gcc supports -c -o file.o
configure:8824: result: yes
configure:8857: checking whether the gcc linker (/usr/bin/ld -m elf_x86_64) supports shared libraries
configure:10120: result: yes
configure:10157: checking whether -lc should be explicitly linked in
configure:10165: gcc -c -g -O2  conftest.c >&5
configure:10168: $? = 0
configure:10183: gcc -shared  -fPIC -DPIC conftest.o  -v -Wl,-soname -Wl,conftest -o conftest 2\>\&1 \| /bin/grep  -lc  \>/dev/null 2\>\&1
configure:10186: $? = 0
configure:10200: result: no
configure:10360: checking dynamic linker characteristics
configure:10941: gcc -o conftest -g -O2   -Wl,-rpath -Wl,/foo conftest.c  >&5
configure:10941: $? = 0
configure:11190: result: GNU/Linux ld.so
configure:11312: checking how to hardcode library paths into programs
configure:11337: result: immediate
configure:11885: checking whether stripping libraries is possible
configure:11890: result: yes
configure:11925: checking if libtool supports shared libraries
configure:11927: result: yes
configure:11930: checking whether to build shared libraries
configure:11955: result: yes
configure:11958: checking whether to build static libraries
configure:11962: result: yes
configure:12062: checking for g++
configure:12078: found /usr/bin/g++
configure:12089: result: g++
configure:12116: checking for C++ compiler version
configure:12125: g++ --version >&5
g++ (Ubuntu 7.5.0-3ubuntu1~18.04) 7.5.0
Copyright (C) 2017 Free Software Foundation, Inc.
This is free software; see the source for copying conditions.  There is NO
warranty; not even for MERCHANTABILITY or FITNESS FOR A PARTICULAR PURPOSE.

configure:12136: $? = 0
configure:12125: g++ -v >&5
Using built-in specs.
COLLECT_GCC=g++
COLLECT_LTO_WRAPPER=/usr/lib/gcc/x86_64-linux-gnu/7/lto-wrapper
OFFLOAD_TARGET_NAMES=nvptx-none
OFFLOAD_TARGET_DEFAULT=1
Target: x86_64-linux-gnu
Configured with: ../src/configure -v --with-pkgversion='Ubuntu 7.5.0-3ubuntu1~18.04' --with-bugurl=file:///usr/share/doc/gcc-7/README.Bugs --enable-languages=c,ada,c++,go,brig,d,fortran,objc,obj-c++ --prefix=/usr --with-gcc-major-version-only --program-suffix=-7 --program-prefix=x86_64-linux-gnu- --enable-shared --enable-linker-build-id --libexecdir=/usr/lib --without-included-gettext --enable-threads=posix --libdir=/usr/lib --enable-nls --enable-bootstrap --enable-clocale=gnu --enable-libstdcxx-debug --enable-libstdcxx-time=yes --with-default-libstdcxx-abi=new --enable-gnu-unique-object --disable-vtable-verify --enable-libmpx --enable-plugin --enable-default-pie --with-system-zlib --with-target-system-zlib --enable-objc-gc=auto --enable-multiarch --disable-werror --with-arch-32=i686 --with-abi=m64 --with-multilib-list=m32,m64,mx32 --enable-multilib --with-tune=generic --enable-offload-targets=nvptx-none --without-cuda-driver --enable-checking=release --build=x86_64-linux-gnu --host=x86_64-linux-gnu --target=x86_64-linux-gnu
Thread model: posix
gcc version 7.5.0 (Ubuntu 7.5.0-3ubuntu1~18.04) 
configure:12136: $? = 0
configure:12125: g++ -V >&5
g++: error: unrecognized command line option '-V'
g++: fatal error: no input files
compilation terminated.
configure:12136: $? = 1
configure:12125: g++ -qversion >&5
g++: error: unrecognized command line option '-qversion'; did you mean '--version'?
g++: fatal error: no input files
compilation terminated.
configure:12136: $? = 1
configure:12140: checking whether we are using the GNU C++ compiler
configure:12159: g++ -c   conftest.cpp >&5
configure:12159: $? = 0
configure:12168: result: yes
configure:12177: checking whether g++ accepts -g
configure:12197: g++ -c -g  conftest.cpp >&5
configure:12197: $? = 0
configure:12238: result: yes
configure:12263: checking dependency style of g++
configure:12374: result: gcc3
configure:12407: checking how to run the C++ preprocessor
configure:12434: g++ -E  conftest.cpp
configure:12434: $? = 0
configure:12448: g++ -E  conftest.cpp
conftest.cpp:23:10: fatal error: ac_nonexistent.h: No such file or directory
 #include <ac_nonexistent.h>
          ^~~~~~~~~~~~~~~~~~
compilation terminated.
configure:12448: $? = 1
configure: failed program was:
| /* confdefs.h */
| #define PACKAGE_NAME "testadd"
| #define PACKAGE_TARNAME "testadd"
| #define PACKAGE_VERSION "1.0"
| #define PACKAGE_STRING "testadd 1.0"
| #define PACKAGE_BUGREPORT "jianzhang"
| #define PACKAGE_URL ""
| #define PACKAGE "testadd"
| #define VERSION "1.0"
| #define STDC_HEADERS 1
| #define HAVE_SYS_TYPES_H 1
| #define HAVE_SYS_STAT_H 1
| #define HAVE_STDLIB_H 1
| #define HAVE_STRING_H 1
| #define HAVE_MEMORY_H 1
| #define HAVE_STRINGS_H 1
| #define HAVE_INTTYPES_H 1
| #define HAVE_STDINT_H 1
| #define HAVE_UNISTD_H 1
| #define HAVE_DLFCN_H 1
| #define LT_OBJDIR ".libs/"
| /* end confdefs.h.  */
| #include <ac_nonexistent.h>
configure:12473: result: g++ -E
configure:12493: g++ -E  conftest.cpp
configure:12493: $? = 0
configure:12507: g++ -E  conftest.cpp
conftest.cpp:23:10: fatal error: ac_nonexistent.h: No such file or directory
 #include <ac_nonexistent.h>
          ^~~~~~~~~~~~~~~~~~
compilation terminated.
configure:12507: $? = 1
configure: failed program was:
| /* confdefs.h */
| #define PACKAGE_NAME "testadd"
| #define PACKAGE_TARNAME "testadd"
| #define PACKAGE_VERSION "1.0"
| #define PACKAGE_STRING "testadd 1.0"
| #define PACKAGE_BUGREPORT "jianzhang"
| #define PACKAGE_URL ""
| #define PACKAGE "testadd"
| #define VERSION "1.0"
| #define STDC_HEADERS 1
| #define HAVE_SYS_TYPES_H 1
| #define HAVE_SYS_STAT_H 1
| #define HAVE_STDLIB_H 1
| #define HAVE_STRING_H 1
| #define HAVE_MEMORY_H 1
| #define HAVE_STRINGS_H 1
| #define HAVE_INTTYPES_H 1
| #define HAVE_STDINT_H 1
| #define HAVE_UNISTD_H 1
| #define HAVE_DLFCN_H 1
| #define LT_OBJDIR ".libs/"
| /* end confdefs.h.  */
| #include <ac_nonexistent.h>
configure:12669: checking for ld used by g++
configure:12736: result: /usr/bin/ld -m elf_x86_64
configure:12743: checking if the linker (/usr/bin/ld -m elf_x86_64) is GNU ld
configure:12758: result: yes
configure:12813: checking whether the g++ linker (/usr/bin/ld -m elf_x86_64) supports shared libraries
configure:13886: result: yes
configure:13922: g++ -c -g -O2  conftest.cpp >&5
configure:13925: $? = 0
configure:14406: checking for g++ option to produce PIC
configure:14413: result: -fPIC -DPIC
configure:14421: checking if g++ PIC flag -fPIC -DPIC works
configure:14439: g++ -c -g -O2  -fPIC -DPIC -DPIC conftest.cpp >&5
configure:14443: $? = 0
configure:14456: result: yes
configure:14479: checking if g++ static flag -static works
configure:14507: result: yes
configure:14519: checking if g++ supports -c -o file.o
configure:14540: g++ -c -g -O2  -o out/conftest2.o conftest.cpp >&5
configure:14544: $? = 0
configure:14566: result: yes
configure:14571: checking if g++ supports -c -o file.o
configure:14618: result: yes
configure:14648: checking whether the g++ linker (/usr/bin/ld -m elf_x86_64) supports shared libraries
configure:14691: result: yes
configure:14832: checking dynamic linker characteristics
configure:15589: result: GNU/Linux ld.so
configure:15654: checking how to hardcode library paths into programs
configure:15679: result: immediate
configure:15767: checking for gcc
configure:15794: result: gcc
configure:16023: checking for C compiler version
configure:16032: gcc --version >&5
gcc (Ubuntu 7.5.0-3ubuntu1~18.04) 7.5.0
Copyright (C) 2017 Free Software Foundation, Inc.
This is free software; see the source for copying conditions.  There is NO
warranty; not even for MERCHANTABILITY or FITNESS FOR A PARTICULAR PURPOSE.

configure:16043: $? = 0
configure:16032: gcc -v >&5
Using built-in specs.
COLLECT_GCC=gcc
COLLECT_LTO_WRAPPER=/usr/lib/gcc/x86_64-linux-gnu/7/lto-wrapper
OFFLOAD_TARGET_NAMES=nvptx-none
OFFLOAD_TARGET_DEFAULT=1
Target: x86_64-linux-gnu
Configured with: ../src/configure -v --with-pkgversion='Ubuntu 7.5.0-3ubuntu1~18.04' --with-bugurl=file:///usr/share/doc/gcc-7/README.Bugs --enable-languages=c,ada,c++,go,brig,d,fortran,objc,obj-c++ --prefix=/usr --with-gcc-major-version-only --program-suffix=-7 --program-prefix=x86_64-linux-gnu- --enable-shared --enable-linker-build-id --libexecdir=/usr/lib --without-included-gettext --enable-threads=posix --libdir=/usr/lib --enable-nls --enable-bootstrap --enable-clocale=gnu --enable-libstdcxx-debug --enable-libstdcxx-time=yes --with-default-libstdcxx-abi=new --enable-gnu-unique-object --disable-vtable-verify --enable-libmpx --enable-plugin --enable-default-pie --with-system-zlib --with-target-system-zlib --enable-objc-gc=auto --enable-multiarch --disable-werror --with-arch-32=i686 --with-abi=m64 --with-multilib-list=m32,m64,mx32 --enable-multilib --with-tune=generic --enable-offload-targets=nvptx-none --without-cuda-driver --enable-checking=release --build=x86_64-linux-gnu --host=x86_64-linux-gnu --target=x86_64-linux-gnu
Thread model: posix
gcc version 7.5.0 (Ubuntu 7.5.0-3ubuntu1~18.04) 
configure:16043: $? = 0
configure:16032: gcc -V >&5
gcc: error: unrecognized command line option '-V'
gcc: fatal error: no input files
compilation terminated.
configure:16043: $? = 1
configure:16032: gcc -qversion >&5
gcc: error: unrecognized command line option '-qversion'; did you mean '--version'?
gcc: fatal error: no input files
compilation terminated.
configure:16043: $? = 1
configure:16047: checking whether we are using the GNU C compiler
configure:16075: result: yes
configure:16084: checking whether gcc accepts -g
configure:16145: result: yes
configure:16162: checking for gcc option to accept ISO C89
configure:16238: result: none needed
configure:16263: checking whether gcc understands -c and -o together
configure:16300: result: yes
configure:16319: checking dependency style of gcc
configure:16430: result: gcc3
configure:16448: checking for main in -ladd
configure:16467: gcc -o conftest -g -O2   conftest.c -ladd   >&5
configure:16467: $? = 0
configure:16476: result: yes
configure:16605: checking that generated files are newer than configure
configure:16611: result: done
configure:16642: creating ./config.status

## ---------------------- ##
## Running config.status. ##
## ---------------------- ##

This file was extended by testadd config.status 1.0, which was
generated by GNU Autoconf 2.69.  Invocation command line was

  CONFIG_FILES    = 
  CONFIG_HEADERS  = 
  CONFIG_LINKS    = 
  CONFIG_COMMANDS = 
  $ ./config.status 

on govpp

config.status:1151: creating Makefile
config.status:1151: creating lib/Makefile
config.status:1151: creating lib/src/Makefile
config.status:1151: creating src/Makefile
config.status:1151: creating config.h
config.status:1332: config.h is unchanged
config.status:1380: executing depfiles commands
config.status:1380: executing libtool commands

## ---------------- ##
## Cache variables. ##
## ---------------- ##

ac_cv_build=x86_64-pc-linux-gnu
ac_cv_c_compiler_gnu=yes
ac_cv_cxx_compiler_gnu=yes
ac_cv_env_CCC_set=
ac_cv_env_CCC_value=
ac_cv_env_CC_set=
ac_cv_env_CC_value=
ac_cv_env_CFLAGS_set=
ac_cv_env_CFLAGS_value=
ac_cv_env_CPPFLAGS_set=
ac_cv_env_CPPFLAGS_value=
ac_cv_env_CPP_set=
ac_cv_env_CPP_value=
ac_cv_env_CXXCPP_set=
ac_cv_env_CXXCPP_value=
ac_cv_env_CXXFLAGS_set=
ac_cv_env_CXXFLAGS_value=
ac_cv_env_CXX_set=
ac_cv_env_CXX_value=
ac_cv_env_LDFLAGS_set=
ac_cv_env_LDFLAGS_value=
ac_cv_env_LIBS_set=
ac_cv_env_LIBS_value=
ac_cv_env_LT_SYS_LIBRARY_PATH_set=
ac_cv_env_LT_SYS_LIBRARY_PATH_value=
ac_cv_env_build_alias_set=
ac_cv_env_build_alias_value=
ac_cv_env_host_alias_set=
ac_cv_env_host_alias_value=
ac_cv_env_target_alias_set=
ac_cv_env_target_alias_value=
ac_cv_header_dlfcn_h=yes
ac_cv_header_inttypes_h=yes
ac_cv_header_memory_h=yes
ac_cv_header_stdc=yes
ac_cv_header_stdint_h=yes
ac_cv_header_stdlib_h=yes
ac_cv_header_string_h=yes
ac_cv_header_strings_h=yes
ac_cv_header_sys_stat_h=yes
ac_cv_header_sys_types_h=yes
ac_cv_header_unistd_h=yes
ac_cv_host=x86_64-pc-linux-gnu
ac_cv_lib_add_main=yes
ac_cv_objext=o
ac_cv_path_EGREP='/bin/grep -E'
ac_cv_path_FGREP='/bin/grep -F'
ac_cv_path_GREP=/bin/grep
ac_cv_path_SED=/bin/sed
ac_cv_path_install='/usr/bin/install -c'
ac_cv_path_lt_DD=/bin/dd
ac_cv_path_mkdir=/bin/mkdir
ac_cv_prog_AWK=mawk
ac_cv_prog_CPP='gcc -E'
ac_cv_prog_CXXCPP='g++ -E'
ac_cv_prog_ac_ct_AR=ar
ac_cv_prog_ac_ct_CC=gcc
ac_cv_prog_ac_ct_CXX=g++
ac_cv_prog_ac_ct_MANIFEST_TOOL=mt
ac_cv_prog_ac_ct_OBJDUMP=objdump
ac_cv_prog_ac_ct_RANLIB=ranlib
ac_cv_prog_ac_ct_STRIP=strip
ac_cv_prog_cc_c89=
ac_cv_prog_cc_g=yes
ac_cv_prog_cxx_g=yes
ac_cv_prog_make_make_set=yes
am_cv_CC_dependencies_compiler_type=gcc3
am_cv_CXX_dependencies_compiler_type=gcc3
am_cv_make_support_nested_variables=yes
am_cv_prog_cc_c_o=yes
lt_cv_ar_at_file=@
lt_cv_archive_cmds_need_lc=no
lt_cv_deplibs_check_method=pass_all
lt_cv_file_magic_cmd='$MAGIC_CMD'
lt_cv_file_magic_test_file=
lt_cv_ld_reload_flag=-r
lt_cv_nm_interface='BSD nm'
lt_cv_objdir=.libs
lt_cv_path_LD=/usr/bin/ld
lt_cv_path_LDCXX='/usr/bin/ld -m elf_x86_64'
lt_cv_path_NM='/usr/bin/nm -B'
lt_cv_path_mainfest_tool=no
lt_cv_prog_compiler_c_o=yes
lt_cv_prog_compiler_c_o_CXX=yes
lt_cv_prog_compiler_pic='-fPIC -DPIC'
lt_cv_prog_compiler_pic_CXX='-fPIC -DPIC'
lt_cv_prog_compiler_pic_works=yes
lt_cv_prog_compiler_pic_works_CXX=yes
lt_cv_prog_compiler_rtti_exceptions=no
lt_cv_prog_compiler_static_works=yes
lt_cv_prog_compiler_static_works_CXX=yes
lt_cv_prog_gnu_ld=yes
lt_cv_prog_gnu_ldcxx=yes
lt_cv_sharedlib_from_linklib_cmd='printf %s\n'
lt_cv_shlibpath_overrides_runpath=yes
lt_cv_sys_global_symbol_pipe='sed -n -e '\''s/^.*[	 ]\([ABCDGIRSTW][ABCDGIRSTW]*\)[	 ][	 ]*\([_A-Za-z][_A-Za-z0-9]*\)$/\1 \2 \2/p'\'' | sed '\''/ __gnu_lto/d'\'''
lt_cv_sys_global_symbol_to_c_name_address='sed -n -e '\''s/^: \(.*\) .*$/  {"\1", (void *) 0},/p'\'' -e '\''s/^[ABCDGIRSTW][ABCDGIRSTW]* .* \(.*\)$/  {"\1", (void *) \&\1},/p'\'''
lt_cv_sys_global_symbol_to_c_name_address_lib_prefix='sed -n -e '\''s/^: \(.*\) .*$/  {"\1", (void *) 0},/p'\'' -e '\''s/^[ABCDGIRSTW][ABCDGIRSTW]* .* \(lib.*\)$/  {"\1", (void *) \&\1},/p'\'' -e '\''s/^[ABCDGIRSTW][ABCDGIRSTW]* .* \(.*\)$/  {"lib\1", (void *) \&\1},/p'\'''
lt_cv_sys_global_symbol_to_cdecl='sed -n -e '\''s/^T .* \(.*\)$/extern int \1();/p'\'' -e '\''s/^[ABCDGIRSTW][ABCDGIRSTW]* .* \(.*\)$/extern char \1;/p'\'''
lt_cv_sys_global_symbol_to_import=
lt_cv_sys_max_cmd_len=1572864
lt_cv_to_host_file_cmd=func_convert_file_noop
lt_cv_to_tool_file_cmd=func_convert_file_noop
lt_cv_truncate_bin='/bin/dd bs=4096 count=1'

## ----------------- ##
## Output variables. ##
## ----------------- ##

ACLOCAL='${SHELL} /root/code/testCcallCplus/missing aclocal-1.15'
AMDEPBACKSLASH='\'
AMDEP_FALSE='#'
AMDEP_TRUE=''
AMTAR='$${TAR-tar}'
AM_BACKSLASH='\'
AM_DEFAULT_V='$(AM_DEFAULT_VERBOSITY)'
AM_DEFAULT_VERBOSITY='1'
AM_V='$(V)'
AR='ar'
AUTOCONF='${SHELL} /root/code/testCcallCplus/missing autoconf'
AUTOHEADER='${SHELL} /root/code/testCcallCplus/missing autoheader'
AUTOMAKE='${SHELL} /root/code/testCcallCplus/missing automake-1.15'
AWK='mawk'
CC='gcc'
CCDEPMODE='depmode=gcc3'
CFLAGS='-g -O2'
CPP='gcc -E'
CPPFLAGS=''
CXX='g++'
CXXCPP='g++ -E'
CXXDEPMODE='depmode=gcc3'
CXXFLAGS='-g -O2'
CYGPATH_W='echo'
DEFS='-DHAVE_CONFIG_H'
DEPDIR='.deps'
DLLTOOL='false'
DSYMUTIL=''
DUMPBIN=''
ECHO_C=''
ECHO_N='-n'
ECHO_T=''
EGREP='/bin/grep -E'
EXEEXT=''
FGREP='/bin/grep -F'
GREP='/bin/grep'
INSTALL_DATA='${INSTALL} -m 644'
INSTALL_PROGRAM='${INSTALL}'
INSTALL_SCRIPT='${INSTALL}'
INSTALL_STRIP_PROGRAM='$(install_sh) -c -s'
LD='/usr/bin/ld -m elf_x86_64'
LDFLAGS=''
LIBOBJS=''
LIBS='-ladd '
LIBTOOL='$(SHELL) $(top_builddir)/libtool'
LIPO=''
LN_S='ln -s'
LTLIBOBJS=''
LT_SYS_LIBRARY_PATH=''
MAKEINFO='${SHELL} /root/code/testCcallCplus/missing makeinfo'
MANIFEST_TOOL=':'
MKDIR_P='/bin/mkdir -p'
NM='/usr/bin/nm -B'
NMEDIT=''
OBJDUMP='objdump'
OBJEXT='o'
OTOOL64=''
OTOOL=''
PACKAGE='testadd'
PACKAGE_BUGREPORT='jianzhang'
PACKAGE_NAME='testadd'
PACKAGE_STRING='testadd 1.0'
PACKAGE_TARNAME='testadd'
PACKAGE_URL=''
PACKAGE_VERSION='1.0'
PATH_SEPARATOR=':'
RANLIB='ranlib'
SED='/bin/sed'
SET_MAKE=''
SHELL='/bin/bash'
STRIP='strip'
VERSION='1.0'
ac_ct_AR='ar'
ac_ct_CC='gcc'
ac_ct_CXX='g++'
ac_ct_DUMPBIN=''
am__EXEEXT_FALSE=''
am__EXEEXT_TRUE='#'
am__fastdepCC_FALSE='#'
am__fastdepCC_TRUE=''
am__fastdepCXX_FALSE='#'
am__fastdepCXX_TRUE=''
am__include='include'
am__isrc=''
am__leading_dot='.'
am__nodep='_no'
am__quote=''
am__tar='$${TAR-tar} chof - "$$tardir"'
am__untar='$${TAR-tar} xf -'
bindir='${exec_prefix}/bin'
build='x86_64-pc-linux-gnu'
build_alias=''
build_cpu='x86_64'
build_os='linux-gnu'
build_vendor='pc'
datadir='${datarootdir}'
datarootdir='${prefix}/share'
docdir='${datarootdir}/doc/${PACKAGE_TARNAME}'
dvidir='${docdir}'
exec_prefix='${prefix}'
host='x86_64-pc-linux-gnu'
host_alias=''
host_cpu='x86_64'
host_os='linux-gnu'
host_vendor='pc'
htmldir='${docdir}'
includedir='${prefix}/include'
infodir='${datarootdir}/info'
install_sh='${SHELL} /root/code/testCcallCplus/install-sh'
libdir='${exec_prefix}/lib'
libexecdir='${exec_prefix}/libexec'
localedir='${datarootdir}/locale'
localstatedir='${prefix}/var'
mandir='${datarootdir}/man'
mkdir_p='$(MKDIR_P)'
oldincludedir='/usr/include'
pdfdir='${docdir}'
prefix='/usr/local'
program_transform_name='s,x,x,'
psdir='${docdir}'
runstatedir='${localstatedir}/run'
sbindir='${exec_prefix}/sbin'
sharedstatedir='${prefix}/com'
sysconfdir='${prefix}/etc'
target_alias=''

## ----------- ##
## confdefs.h. ##
## ----------- ##

/* confdefs.h */
#define PACKAGE_NAME "testadd"
#define PACKAGE_TARNAME "testadd"
#define PACKAGE_VERSION "1.0"
#define PACKAGE_STRING "testadd 1.0"
#define PACKAGE_BUGREPORT "jianzhang"
#define PACKAGE_URL ""
#define PACKAGE "testadd"
#define VERSION "1.0"
#define STDC_HEADERS 1
#define HAVE_SYS_TYPES_H 1
#define HAVE_SYS_STAT_H 1
#define HAVE_STDLIB_H 1
#define HAVE_STRING_H 1
#define HAVE_MEMORY_H 1
#define HAVE_STRINGS_H 1
#define HAVE_INTTYPES_H 1
#define HAVE_STDINT_H 1
#define HAVE_UNISTD_H 1
#define HAVE_DLFCN_H 1
#define LT_OBJDIR ".libs/"
#define HAVE_LIBADD 1

configure: exit 0
